<?xml version="1.0" encoding="UTF-8"?>
<!-- Generated by org.testng.reporters.JUnitXMLReporter -->
<testsuite ignored="0" hostname="LAPTOP-FTFH3V8C" failures="0" tests="2" name="test1" time="0.047" errors="0" timestamp="2019-11-07T14:51:01 IST">
  <testcase classname="testNG.test1" name="@BeforeMethod login" time="0.0">
    <failure type="java.lang.NullPointerException">
      <![CDATA[java.lang.NullPointerException
at testNG.test1.login(test1.java:30)
at java.base/java.util.ArrayList.forEach(ArrayList.java:1540)
... Removed 31 stack frames]]>
    </failure>
  </testcase> <!-- @BeforeMethod login -->
  <testcase classname="testNG.test1" name="@AfterMethod logoff" time="-1.57311846141E9">
    <skipped/>
  </testcase> <!-- @AfterMethod logoff -->
  <testcase classname="testNG.test1" name="@BeforeMethod login" time="-1.573118461425E9">
    <skipped/>
  </testcase> <!-- @BeforeMethod login -->
  <testcase classname="testNG.test1" name="@AfterMethod logoff" time="-1.573118461425E9">
    <skipped/>
  </testcase> <!-- @AfterMethod logoff -->
  <testcase classname="testNG.test1" name="@AfterTest closebrowser" time="-1.573118461425E9">
    <skipped/>
  </testcase> <!-- @AfterTest closebrowser -->
  <testcase classname="testNG.test1" name="bookATicket" time="0.0">
    <skipped/>
  </testcase> <!-- bookATicket -->
  <testcase classname="testNG.test1" name="openbrowser" time="0.0">
    <skipped/>
  </testcase> <!-- openbrowser -->
</testsuite> <!-- test1 -->
