<?xml version="1.0" encoding="UTF-8"?>
<!-- Generated by org.testng.reporters.JUnitXMLReporter -->
<testsuite ignored="0" hostname="LAPTOP-FTFH3V8C" failures="0" tests="7" name="TestScript" time="0.104" errors="0" timestamp="2019-11-07T14:51:01 IST">
  <testcase classname="testNG.TestScript" name="BookAticket" time="0.015"/>
  <testcase classname="testNG.TestScript" name="Cancleticket" time="0.0"/>
  <testcase classname="testNG.TestScript" name="prebooking" time="0.0"/>
  <testcase classname="testNG.TestScript" name="prebooking" time="0.0"/>
  <testcase classname="testNG.TestScript" name="prebooking" time="0.0"/>
  <testcase classname="testNG.TestScript" name="prebooking" time="0.0"/>
  <testcase classname="testNG.TestScript" name="prebooking" time="0.0"/>
</testsuite> <!-- TestScript -->
