<?xml version="1.0" encoding="UTF-8"?>
<testng-results ignored="0" total="1" passed="1" failed="0" skipped="0">
  <reporter-output>
  </reporter-output>
  <suite started-at="2019-11-05T12:53:07 IST" name="Default suite" finished-at="2019-11-05T12:53:07 IST" duration-ms="85">
    <groups>
    </groups>
    <test started-at="2019-11-05T12:53:07 IST" name="Default test" finished-at="2019-11-05T12:53:07 IST" duration-ms="85">
      <class name="testNG.TestScript">
        <test-method signature="findNumberofRows()[pri:0, instance:testNG.TestScript@8317c52]" started-at="2019-11-05T12:53:07 IST" name="findNumberofRows" finished-at="2019-11-05T12:53:07 IST" duration-ms="15" status="PASS">
          <reporter-output>
          </reporter-output>
        </test-method> <!-- findNumberofRows -->
      </class> <!-- testNG.TestScript -->
    </test> <!-- Default test -->
  </suite> <!-- Default suite -->
</testng-results>
